::1 - - [12/Apr/2023:23:02:55 +0600] "GET /info.php HTTP/1.1" 200 80802
::1 - - [12/Apr/2023:23:02:56 +0600] "GET /favicon.ico HTTP/1.1" 404 196
::1 - - [12/Apr/2023:23:03:26 +0600] "GET /www/maintower/main_tower.php HTTP/1.1" 200 7852
::1 - - [12/Apr/2023:23:03:26 +0600] "GET /www/maintower/style.css HTTP/1.1" 200 31
::1 - - [12/Apr/2023:23:03:30 +0600] "POST /www/maintower/action.php HTTP/1.1" 200 8
::1 - - [12/Apr/2023:23:04:26 +0600] "-" 408 -
::1 - - [12/Apr/2023:23:05:27 +0600] "-" 408 -
::1 - - [12/Apr/2023:23:05:27 +0600] "-" 408 -
::1 - - [13/Apr/2023:07:01:00 +0600] "POST /www/maintower/action.php HTTP/1.1" 200 241
::1 - - [13/Apr/2023:07:01:05 +0600] "GET /www/maintower/main_tower.php HTTP/1.1" 200 7852
::1 - - [13/Apr/2023:07:01:05 +0600] "GET /www/maintower/style.css HTTP/1.1" 304 -
::1 - - [13/Apr/2023:07:01:06 +0600] "POST /www/maintower/action.php HTTP/1.1" 200 241
::1 - - [13/Apr/2023:07:01:33 +0600] "GET /www/maintower/main_tower.php HTTP/1.1" 200 7852
::1 - - [13/Apr/2023:07:01:34 +0600] "POST /www/maintower/action.php HTTP/1.1" 200 241
::1 - - [13/Apr/2023:07:02:13 +0600] "-" 408 -
::1 - - [13/Apr/2023:07:02:50 +0600] "GET /www/maintower/main_tower.php HTTP/1.1" 200 7852
::1 - - [13/Apr/2023:07:02:51 +0600] "POST /www/maintower/action.php HTTP/1.1" 200 241
::1 - - [13/Apr/2023:07:02:54 +0600] "POST /www/maintower/action.php HTTP/1.1" 200 241
::1 - - [13/Apr/2023:07:02:56 +0600] "GET /www/maintower/main_tower.php HTTP/1.1" 200 7852
::1 - - [13/Apr/2023:07:03:39 +0600] "POST /www/maintower/action.php HTTP/1.1" 200 233
::1 - - [13/Apr/2023:07:03:41 +0600] "GET /www/maintower/main_tower.php HTTP/1.1" 200 7852
::1 - - [13/Apr/2023:07:03:47 +0600] "POST /www/maintower/action.php HTTP/1.1" 200 233
::1 - - [13/Apr/2023:07:04:47 +0600] "-" 408 -
::1 - - [13/Apr/2023:07:05:11 +0600] "POST /www/maintower/action.php HTTP/1.1" 200 921
::1 - - [13/Apr/2023:07:09:06 +0600] "POST /www/maintower/action.php HTTP/1.1" 200 993
::1 - - [13/Apr/2023:07:09:33 +0600] "POST /www/maintower/action.php HTTP/1.1" 200 1007
::1 - - [13/Apr/2023:07:10:12 +0600] "POST /www/maintower/action.php HTTP/1.1" 200 1019
::1 - - [13/Apr/2023:07:10:28 +0600] "POST /www/maintower/action.php HTTP/1.1" 200 1019
::1 - - [13/Apr/2023:07:11:28 +0600] "-" 408 -
::1 - - [13/Apr/2023:07:12:05 +0600] "POST /www/maintower/action.php HTTP/1.1" 200 1035
::1 - - [13/Apr/2023:07:13:05 +0600] "-" 408 -
::1 - - [13/Apr/2023:07:13:23 +0600] "POST /www/maintower/action.php HTTP/1.1" 200 1035
::1 - - [13/Apr/2023:07:15:34 +0600] "GET /www/maintower/main_tower.php HTTP/1.1" 200 7488
::1 - - [13/Apr/2023:07:16:34 +0600] "-" 408 -
::1 - - [13/Apr/2023:07:19:12 +0600] "GET /www/maintower/main_tower.php HTTP/1.1" 200 7703
::1 - - [13/Apr/2023:07:20:12 +0600] "-" 408 -
::1 - - [13/Apr/2023:07:22:36 +0600] "GET /www/maintower/main_tower.php HTTP/1.1" 200 6979
::1 - - [13/Apr/2023:07:23:09 +0600] "POST /www/maintower/action.php HTTP/1.1" 200 1035
::1 - - [13/Apr/2023:07:24:09 +0600] "-" 408 -
::1 - - [13/Apr/2023:07:26:12 +0600] "POST /www/maintower/action.php HTTP/1.1" 200 1078
::1 - - [13/Apr/2023:07:26:20 +0600] "POST /www/maintower/action.php HTTP/1.1" 200 1082
::1 - - [13/Apr/2023:07:27:20 +0600] "-" 408 -
::1 - - [13/Apr/2023:07:28:40 +0600] "POST /www/maintower/action.php HTTP/1.1" 200 1164
::1 - - [13/Apr/2023:07:29:40 +0600] "-" 408 -
::1 - - [13/Apr/2023:07:49:00 +0600] "POST /www/maintower/action.php HTTP/1.1" 200 1173
::1 - - [13/Apr/2023:07:49:04 +0600] "POST /www/maintower/action.php HTTP/1.1" 200 1173
::1 - - [13/Apr/2023:07:49:08 +0600] "POST /www/maintower/action.php HTTP/1.1" 200 1173
::1 - - [13/Apr/2023:07:49:38 +0600] "POST /www/maintower/action.php HTTP/1.1" 200 1173
::1 - - [13/Apr/2023:07:49:43 +0600] "POST /www/maintower/action.php HTTP/1.1" 200 1181
::1 - - [13/Apr/2023:10:58:27 +0600] "POST /www/maintower/action.php HTTP/1.1" 200 1181
::1 - - [13/Apr/2023:10:58:27 +0600] "GET /www/maintower/style.css HTTP/1.1" 304 -
::1 - - [13/Apr/2023:11:39:13 +0600] "GET /www/maintower/main_tower.php HTTP/1.1" 200 6979
::1 - - [13/Apr/2023:11:40:06 +0600] "POST /www/maintower/action.php HTTP/1.1" 200 1202
::1 - - [13/Apr/2023:11:41:06 +0600] "-" 408 -
::1 - - [13/Apr/2023:11:41:47 +0600] "POST /www/maintower/action.php HTTP/1.1" 200 1233
::1 - - [13/Apr/2023:11:42:31 +0600] "POST /www/maintower/action.php HTTP/1.1" 200 1242
::1 - - [13/Apr/2023:11:43:31 +0600] "-" 408 -
::1 - - [13/Apr/2023:11:59:02 +0600] "POST /www/maintower/action.php HTTP/1.1" 200 1242
::1 - - [13/Apr/2023:12:00:20 +0600] "POST /www/maintower/action.php HTTP/1.1" 200 1280
::1 - - [13/Apr/2023:12:00:20 +0600] "GET /www/maintower/yes HTTP/1.1" 404 196
::1 - - [13/Apr/2023:12:00:50 +0600] "POST /www/maintower/action.php HTTP/1.1" 200 1284
::1 - - [13/Apr/2023:12:00:50 +0600] "GET /www/maintower/yes.png HTTP/1.1" 200 78561
::1 - - [13/Apr/2023:12:01:04 +0600] "POST /www/maintower/action.php HTTP/1.1" 200 1284
::1 - - [13/Apr/2023:12:07:02 +0600] "POST /www/maintower/action.php HTTP/1.1" 200 1237
::1 - - [13/Apr/2023:12:07:02 +0600] "GET /www/maintower/yes.png HTTP/1.1" 304 -
::1 - - [13/Apr/2023:12:41:13 +0600] "POST /www/maintower/action.php HTTP/1.1" 200 1243
::1 - - [13/Apr/2023:12:41:13 +0600] "GET /www/maintower/yes.png HTTP/1.1" 304 -
::1 - - [13/Apr/2023:12:41:29 +0600] "POST /www/maintower/action.php HTTP/1.1" 200 1243
::1 - - [13/Apr/2023:12:41:34 +0600] "POST /www/maintower/action.php HTTP/1.1" 200 1241
::1 - - [13/Apr/2023:12:41:34 +0600] "GET /www/maintower/no.png HTTP/1.1" 200 134339
::1 - - [13/Apr/2023:12:42:34 +0600] "-" 408 -
::1 - - [13/Apr/2023:12:45:33 +0600] "POST /www/maintower/action.php HTTP/1.1" 200 1241
::1 - - [13/Apr/2023:12:46:33 +0600] "-" 408 -
::1 - - [13/Apr/2023:12:46:41 +0600] "-" 408 -
::1 - - [13/Apr/2023:12:48:13 +0600] "GET /www/maintower/main_tower.php HTTP/1.1" 200 6979
::1 - - [13/Apr/2023:12:48:15 +0600] "POST /www/maintower/action.php HTTP/1.1" 200 1221
::1 - - [13/Apr/2023:12:48:15 +0600] "GET /www/maintower/no.png HTTP/1.1" 304 -
::1 - - [13/Apr/2023:12:48:32 +0600] "POST /www/maintower/action.php HTTP/1.1" 200 1221
::1 - - [13/Apr/2023:12:48:47 +0600] "POST /www/maintower/action.php HTTP/1.1" 200 1237
::1 - - [13/Apr/2023:12:48:47 +0600] "GET /www/maintower/yes.png HTTP/1.1" 304 -
::1 - - [13/Apr/2023:12:49:20 +0600] "POST /www/maintower/action.php HTTP/1.1" 200 1243
::1 - - [13/Apr/2023:12:51:12 +0600] "POST /www/maintower/action.php HTTP/1.1" 200 1227
::1 - - [13/Apr/2023:12:51:28 +0600] "POST /www/maintower/action.php HTTP/1.1" 200 1248
::1 - - [13/Apr/2023:13:04:22 +0600] "POST /www/maintower/action.php HTTP/1.1" 200 1393
::1 - - [13/Apr/2023:13:04:22 +0600] "GET /www/maintower/yes.png HTTP/1.1" 304 -
::1 - - [13/Apr/2023:13:06:55 +0600] "POST /www/maintower/action.php HTTP/1.1" 200 1623
::1 - - [13/Apr/2023:13:06:58 +0600] "POST /www/maintower/action.php HTTP/1.1" 200 1623
::1 - - [13/Apr/2023:13:07:04 +0600] "POST /www/maintower/action.php HTTP/1.1" 200 1625
::1 - - [13/Apr/2023:13:08:04 +0600] "-" 408 -
::1 - - [13/Apr/2023:13:08:16 +0600] "-" 408 -
::1 - - [13/Apr/2023:13:17:46 +0600] "POST /www/maintower/action.php HTTP/1.1" 200 1624
::1 - - [13/Apr/2023:13:17:46 +0600] "GET /www/maintower/yes.png HTTP/1.1" 304 -
::1 - - [13/Apr/2023:13:17:52 +0600] "POST /www/maintower/action.php HTTP/1.1" 200 1623
::1 - - [13/Apr/2023:13:17:52 +0600] "GET /www/maintower/no.png HTTP/1.1" 304 -
::1 - - [13/Apr/2023:13:18:52 +0600] "-" 408 -
::1 - - [13/Apr/2023:13:19:26 +0600] "POST /www/maintower/action.php HTTP/1.1" 200 1666
::1 - - [13/Apr/2023:13:19:32 +0600] "POST /www/maintower/action.php HTTP/1.1" 200 2252
::1 - - [13/Apr/2023:13:20:32 +0600] "-" 408 -
::1 - - [13/Apr/2023:13:20:36 +0600] "POST /www/maintower/action.php HTTP/1.1" 200 2252
::1 - - [13/Apr/2023:13:20:40 +0600] "POST /www/maintower/action.php HTTP/1.1" 200 2252
::1 - - [13/Apr/2023:13:20:43 +0600] "POST /www/maintower/action.php HTTP/1.1" 200 2252
::1 - - [13/Apr/2023:13:21:36 +0600] "POST /www/maintower/action.php HTTP/1.1" 200 1667
::1 - - [13/Apr/2023:13:21:49 +0600] "POST /www/maintower/action.php HTTP/1.1" 200 1707
::1 - - [13/Apr/2023:13:22:08 +0600] "POST /www/maintower/action.php HTTP/1.1" 200 1666
::1 - - [13/Apr/2023:13:22:19 +0600] "POST /www/maintower/action.php HTTP/1.1" 200 1666
::1 - - [13/Apr/2023:13:23:09 +0600] "POST /www/maintower/action.php HTTP/1.1" 200 1698
::1 - - [13/Apr/2023:13:24:09 +0600] "-" 408 -
::1 - - [13/Apr/2023:13:25:37 +0600] "POST /www/maintower/action.php HTTP/1.1" 200 1843
::1 - - [13/Apr/2023:13:25:57 +0600] "POST /www/maintower/action.php HTTP/1.1" 200 1859
::1 - - [13/Apr/2023:13:26:28 +0600] "POST /www/maintower/action.php HTTP/1.1" 200 1867
::1 - - [13/Apr/2023:13:27:28 +0600] "-" 408 -
::1 - - [13/Apr/2023:13:28:33 +0600] "POST /www/maintower/action.php HTTP/1.1" 200 2522
::1 - - [13/Apr/2023:13:28:33 +0600] "GET /www/maintower/no.png HTTP/1.1" 304 -
::1 - - [13/Apr/2023:13:28:33 +0600] "GET /www/maintower/yes.png HTTP/1.1" 304 -
::1 - - [13/Apr/2023:13:28:50 +0600] "POST /www/maintower/action.php HTTP/1.1" 200 2521
::1 - - [13/Apr/2023:13:29:50 +0600] "-" 408 -
::1 - - [13/Apr/2023:13:32:32 +0600] "POST /www/maintower/action.php HTTP/1.1" 200 3175
::1 - - [13/Apr/2023:13:32:46 +0600] "GET /www/maintower/main_tower.php HTTP/1.1" 200 7019
::1 - - [13/Apr/2023:13:33:19 +0600] "POST /www/maintower/action.php HTTP/1.1" 200 3354
::1 - - [13/Apr/2023:13:35:19 +0600] "POST /www/maintower/action.php HTTP/1.1" 200 4002
::1 - - [13/Apr/2023:13:35:27 +0600] "POST /www/maintower/action.php HTTP/1.1" 200 4004
::1 - - [13/Apr/2023:13:39:57 +0600] "POST /www/maintower/action.php HTTP/1.1" 200 4528
::1 - - [13/Apr/2023:13:39:57 +0600] "GET /www/maintower/no.png HTTP/1.1" 304 -
::1 - - [13/Apr/2023:13:39:57 +0600] "GET /www/maintower/yes.png HTTP/1.1" 304 -
::1 - - [13/Apr/2023:13:40:33 +0600] "POST /www/maintower/action.php HTTP/1.1" 200 4667
::1 - - [13/Apr/2023:13:44:24 +0600] "POST /www/maintower/action.php HTTP/1.1" 200 5772
::1 - - [13/Apr/2023:13:45:43 +0600] "POST /www/maintower/action.php HTTP/1.1" 200 5262
::1 - - [13/Apr/2023:13:55:54 +0600] "POST /www/maintower/action.php HTTP/1.1" 200 5274
::1 - - [13/Apr/2023:13:55:54 +0600] "GET /www/maintower/no.png HTTP/1.1" 304 -
::1 - - [13/Apr/2023:13:55:54 +0600] "GET /www/maintower/yes.png HTTP/1.1" 304 -
::1 - - [13/Apr/2023:13:56:01 +0600] "POST /www/maintower/action.php HTTP/1.1" 200 5277
::1 - - [13/Apr/2023:13:57:45 +0600] "GET /www/maintower/main_tower.php HTTP/1.1" 200 7124
::1 - - [13/Apr/2023:13:58:18 +0600] "POST /www/maintower/action.php HTTP/1.1" 200 5044
::1 - - [13/Apr/2023:13:59:57 +0600] "POST /www/maintower/action.php HTTP/1.1" 200 5182
::1 - - [13/Apr/2023:14:00:02 +0600] "GET /www/maintower/main_tower.php HTTP/1.1" 200 7138
::1 - - [13/Apr/2023:14:00:07 +0600] "POST /www/maintower/action.php HTTP/1.1" 200 5185
::1 - - [13/Apr/2023:14:00:58 +0600] "GET /www/maintower/main_tower.php HTTP/1.1" 200 7116
::1 - - [13/Apr/2023:14:01:26 +0600] "GET /www/maintower/main_tower.php HTTP/1.1" 200 7123
::1 - - [13/Apr/2023:14:01:50 +0600] "GET /www/maintower/main_tower.php HTTP/1.1" 200 7123
::1 - - [13/Apr/2023:14:01:55 +0600] "POST /www/maintower/action.php HTTP/1.1" 200 5224
::1 - - [13/Apr/2023:14:02:40 +0600] "POST /www/maintower/action.php HTTP/1.1" 200 5453
::1 - - [13/Apr/2023:14:03:02 +0600] "POST /www/maintower/action.php HTTP/1.1" 200 5246
::1 - - [13/Apr/2023:14:03:32 +0600] "POST /www/maintower/action.php HTTP/1.1" 200 5246
::1 - - [13/Apr/2023:14:03:45 +0600] "POST /www/maintower/action.php HTTP/1.1" 200 5246
::1 - - [13/Apr/2023:14:05:08 +0600] "POST /www/maintower/action.php HTTP/1.1" 200 5418
::1 - - [13/Apr/2023:14:05:14 +0600] "GET /www/maintower/main_tower.php HTTP/1.1" 200 7123
::1 - - [13/Apr/2023:14:05:19 +0600] "POST /www/maintower/action.php HTTP/1.1" 200 5417
::1 - - [13/Apr/2023:14:07:45 +0600] "GET /www/maintower/main_tower.php HTTP/1.1" 200 7123
::1 - - [13/Apr/2023:14:07:47 +0600] "POST /www/maintower/action.php HTTP/1.1" 200 5554
::1 - - [13/Apr/2023:14:07:56 +0600] "POST /www/maintower/action.php HTTP/1.1" 200 5557
::1 - - [13/Apr/2023:14:08:40 +0600] "POST /www/maintower/action.php HTTP/1.1" 200 5564
::1 - - [13/Apr/2023:14:08:40 +0600] "GET /www/maintower/no.png HTTP/1.1" 304 -
::1 - - [13/Apr/2023:14:09:03 +0600] "-" 408 -
::1 - - [13/Apr/2023:14:23:32 +0600] "GET /www/maintower/main_tower.php HTTP/1.1" 200 7123
::1 - - [13/Apr/2023:14:23:38 +0600] "POST /www/maintower/action.php HTTP/1.1" 200 5557
::1 - - [13/Apr/2023:14:23:38 +0600] "GET /www/maintower/no.png HTTP/1.1" 304 -
::1 - - [13/Apr/2023:14:24:28 +0600] "POST /www/maintower/action.php HTTP/1.1" 200 5576
::1 - - [13/Apr/2023:14:25:16 +0600] "POST /www/maintower/action.php HTTP/1.1" 200 5588
::1 - - [13/Apr/2023:14:25:45 +0600] "POST /www/maintower/action.php HTTP/1.1" 200 5606
::1 - - [13/Apr/2023:14:26:36 +0600] "POST /www/maintower/action.php HTTP/1.1" 200 5625
::1 - - [13/Apr/2023:14:27:12 +0600] "POST /www/maintower/action.php HTTP/1.1" 200 5644
::1 - - [13/Apr/2023:14:27:22 +0600] "POST /www/maintower/action.php HTTP/1.1" 200 5647
::1 - - [13/Apr/2023:14:28:06 +0600] "POST /www/maintower/action.php HTTP/1.1" 200 5666
::1 - - [13/Apr/2023:14:29:06 +0600] "-" 408 -
::1 - - [13/Apr/2023:14:29:39 +0600] "POST /www/maintower/action.php HTTP/1.1" 200 5769
::1 - - [13/Apr/2023:14:30:28 +0600] "POST /www/maintower/action.php HTTP/1.1" 200 5790
::1 - - [13/Apr/2023:14:31:28 +0600] "-" 408 -
::1 - - [13/Apr/2023:14:38:03 +0600] "POST /www/maintower/action.php HTTP/1.1" 200 5919
::1 - - [13/Apr/2023:14:39:03 +0600] "-" 408 -
::1 - - [13/Apr/2023:14:55:34 +0600] "POST /www/maintower/action.php HTTP/1.1" 200 6070
::1 - - [13/Apr/2023:14:55:34 +0600] "GET /www/maintower/no.png HTTP/1.1" 304 -
::1 - - [13/Apr/2023:14:55:34 +0600] "GET /www/maintower/style.css HTTP/1.1" 304 -
::1 - - [13/Apr/2023:14:55:58 +0600] "POST /www/maintower/action.php HTTP/1.1" 200 6082
::1 - - [13/Apr/2023:14:56:26 +0600] "POST /www/maintower/action.php HTTP/1.1" 200 6070
::1 - - [13/Apr/2023:15:04:42 +0600] "POST /www/maintower/action.php HTTP/1.1" 200 6146
::1 - - [13/Apr/2023:15:07:09 +0600] "POST /www/maintower/action.php HTTP/1.1" 200 6146
::1 - - [13/Apr/2023:15:07:57 +0600] "POST /www/maintower/action.php HTTP/1.1" 200 6165
::1 - - [13/Apr/2023:15:08:31 +0600] "POST /www/maintower/action.php HTTP/1.1" 200 6184
::1 - - [13/Apr/2023:15:09:01 +0600] "POST /www/maintower/action.php HTTP/1.1" 200 6203
::1 - - [13/Apr/2023:15:09:45 +0600] "POST /www/maintower/action.php HTTP/1.1" 200 6222
::1 - - [13/Apr/2023:15:10:25 +0600] "POST /www/maintower/action.php HTTP/1.1" 200 6210
::1 - - [13/Apr/2023:15:10:58 +0600] "POST /www/maintower/action.php HTTP/1.1" 200 6229
::1 - - [13/Apr/2023:15:11:14 +0600] "POST /www/maintower/action.php HTTP/1.1" 200 6197
::1 - - [13/Apr/2023:15:12:02 +0600] "GET /www/maintower/main_tower.php HTTP/1.1" 200 7123
::1 - - [13/Apr/2023:15:12:21 +0600] "POST /www/maintower/action.php HTTP/1.1" 200 6202
::1 - - [13/Apr/2023:15:12:21 +0600] "GET /www/maintower/yes.png HTTP/1.1" 304 -
::1 - - [13/Apr/2023:15:14:55 +0600] "POST /www/maintower/action.php HTTP/1.1" 200 6220
::1 - - [13/Apr/2023:15:14:55 +0600] "GET /www/maintower/no.png HTTP/1.1" 304 -
::1 - - [13/Apr/2023:15:15:20 +0600] "POST /www/maintower/action.php HTTP/1.1" 200 6220
::1 - - [13/Apr/2023:15:16:41 +0600] "POST /www/maintower/action.php HTTP/1.1" 200 6220
::1 - - [13/Apr/2023:15:58:41 +0600] "POST /www/maintower/action.php HTTP/1.1" 200 6220
::1 - - [13/Apr/2023:15:58:41 +0600] "GET /www/maintower/yes.png HTTP/1.1" 304 -
::1 - - [13/Apr/2023:15:58:41 +0600] "GET /www/maintower/no.png HTTP/1.1" 304 -
::1 - - [13/Apr/2023:15:59:41 +0600] "-" 408 -
::1 - - [13/Apr/2023:16:01:59 +0600] "POST /www/maintower/action.php HTTP/1.1" 200 6318
::1 - - [13/Apr/2023:16:02:38 +0600] "POST /www/maintower/action.php HTTP/1.1" 200 6330
::1 - - [13/Apr/2023:16:03:38 +0600] "-" 408 -
::1 - - [13/Apr/2023:16:03:43 +0600] "POST /www/maintower/action.php HTTP/1.1" 200 7038
::1 - - [13/Apr/2023:16:04:14 +0600] "POST /www/maintower/action.php HTTP/1.1" 200 6632
::1 - - [13/Apr/2023:16:05:01 +0600] "POST /www/maintower/action.php HTTP/1.1" 200 6706
::1 - - [13/Apr/2023:16:05:21 +0600] "POST /www/maintower/action.php HTTP/1.1" 200 6706
::1 - - [13/Apr/2023:16:07:19 +0600] "POST /www/maintower/action.php HTTP/1.1" 200 6926
::1 - - [13/Apr/2023:16:07:27 +0600] "GET /www/maintower/main_tower.php HTTP/1.1" 200 7123
::1 - - [13/Apr/2023:16:07:53 +0600] "POST /www/maintower/action.php HTTP/1.1" 200 6933
::1 - - [13/Apr/2023:16:08:21 +0600] "POST /www/maintower/action.php HTTP/1.1" 200 6933
::1 - - [13/Apr/2023:16:09:21 +0600] "-" 408 -
::1 - - [13/Apr/2023:16:10:08 +0600] "POST /www/maintower/action.php HTTP/1.1" 200 6935
::1 - - [13/Apr/2023:16:11:00 +0600] "POST /www/maintower/action.php HTTP/1.1" 200 6897
::1 - - [13/Apr/2023:16:16:10 +0600] "POST /www/maintower/action.php HTTP/1.1" 200 6998
::1 - - [13/Apr/2023:16:17:38 +0600] "POST /www/maintower/action.php HTTP/1.1" 200 7010
::1 - - [13/Apr/2023:16:18:19 +0600] "GET /www/maintower/main_tower.php HTTP/1.1" 200 7123
::1 - - [13/Apr/2023:16:18:22 +0600] "POST /www/maintower/action.php HTTP/1.1" 200 7350
::1 - - [13/Apr/2023:16:18:38 +0600] "POST /www/maintower/action.php HTTP/1.1" 200 6982
::1 - - [13/Apr/2023:16:18:58 +0600] "GET /www/maintower/main_tower.php HTTP/1.1" 200 7123
::1 - - [13/Apr/2023:16:19:03 +0600] "POST /www/maintower/action.php HTTP/1.1" 200 6992
10.34.64.55 - - [13/Apr/2023:16:20:10 +0600] "GET /www/maintower/main_tower.php HTTP/1.1" 200 7123
10.34.64.55 - - [13/Apr/2023:16:20:10 +0600] "GET /www/maintower/style.css HTTP/1.1" 200 31
10.34.64.55 - - [13/Apr/2023:16:20:10 +0600] "GET /favicon.ico HTTP/1.1" 404 196
10.34.64.55 - - [13/Apr/2023:16:20:50 +0600] "POST /www/maintower/action.php HTTP/1.1" 200 6999
10.34.64.55 - - [13/Apr/2023:16:20:50 +0600] "GET /www/maintower/yes.png HTTP/1.1" 200 78561
10.34.64.55 - - [13/Apr/2023:16:20:50 +0600] "GET /www/maintower/no.png HTTP/1.1" 200 134339
10.34.64.55 - - [13/Apr/2023:16:22:34 +0600] "POST /www/maintower/action.php HTTP/1.1" 200 6999
10.34.64.55 - - [13/Apr/2023:16:22:38 +0600] "GET /www/maintower/main_tower.php HTTP/1.1" 200 7123
10.34.64.55 - - [13/Apr/2023:16:23:34 +0600] "-" 408 -
::1 - - [13/Apr/2023:16:50:51 +0600] "GET /www/maintower/main_tower.php HTTP/1.1" 200 7123
::1 - - [13/Apr/2023:16:51:20 +0600] "POST /www/maintower/action.php HTTP/1.1" 200 7007
::1 - - [13/Apr/2023:16:51:20 +0600] "GET /www/maintower/yes.png HTTP/1.1" 304 -
::1 - - [13/Apr/2023:16:51:20 +0600] "GET /www/maintower/no.png HTTP/1.1" 304 -
::1 - - [13/Apr/2023:18:17:47 +0600] "POST /www/maintower/action.php HTTP/1.1" 200 7074
::1 - - [13/Apr/2023:18:17:47 +0600] "GET /www/maintower/yes.png HTTP/1.1" 304 -
::1 - - [13/Apr/2023:18:17:47 +0600] "GET /www/maintower/no.png HTTP/1.1" 304 -
::1 - - [13/Apr/2023:18:32:54 +0600] "POST /www/maintower/action.php HTTP/1.1" 200 8614
::1 - - [13/Apr/2023:18:33:53 +0600] "POST /www/maintower/action.php HTTP/1.1" 200 8367
::1 - - [13/Apr/2023:18:34:16 +0600] "POST /www/maintower/action.php HTTP/1.1" 200 8754
::1 - - [13/Apr/2023:18:36:50 +0600] "POST /www/maintower/action.php HTTP/1.1" 200 7011
::1 - - [13/Apr/2023:18:40:11 +0600] "POST /www/maintower/action.php HTTP/1.1" 200 7009
::1 - - [13/Apr/2023:18:40:57 +0600] "POST /www/maintower/action.php HTTP/1.1" 200 7009
::1 - - [13/Apr/2023:18:41:19 +0600] "POST /www/maintower/action.php HTTP/1.1" 200 7009
::1 - - [13/Apr/2023:18:42:44 +0600] "POST /www/maintower/action.php HTTP/1.1" 200 7009
::1 - - [13/Apr/2023:18:54:22 +0600] "POST /www/maintower/action.php HTTP/1.1" 200 7009
::1 - - [13/Apr/2023:18:54:42 +0600] "GET /www/maintower/get_content.php HTTP/1.1" 200 7005
::1 - - [13/Apr/2023:18:54:45 +0600] "GET /www/maintower/get_content.php HTTP/1.1" 200 7005
::1 - - [13/Apr/2023:18:54:47 +0600] "GET /www/maintower/get_content.php HTTP/1.1" 200 7005
::1 - - [13/Apr/2023:18:55:04 +0600] "POST /www/maintower/action.php HTTP/1.1" 200 7009
::1 - - [13/Apr/2023:18:55:11 +0600] "POST /www/maintower/action.php HTTP/1.1" 200 7010
::1 - - [13/Apr/2023:18:56:30 +0600] "POST /www/maintower/action.php HTTP/1.1" 200 7049
::1 - - [13/Apr/2023:18:57:32 +0600] "GET /www/maintower/get_content.php HTTP/1.1" 200 7045
::1 - - [13/Apr/2023:18:57:32 +0600] "GET /www/maintower/no.png HTTP/1.1" 304 -
::1 - - [13/Apr/2023:18:57:32 +0600] "GET /www/maintower/yes.png HTTP/1.1" 304 -
::1 - - [13/Apr/2023:20:10:01 +0600] "GET /www/maintower/main_tower.php HTTP/1.1" 200 7123
::1 - - [13/Apr/2023:20:10:01 +0600] "GET /www/maintower/style.css HTTP/1.1" 304 -
::1 - - [13/Apr/2023:20:10:03 +0600] "GET /www/maintower/main_tower.php HTTP/1.1" 200 7123
::1 - - [13/Apr/2023:20:10:07 +0600] "POST /www/maintower/action.php HTTP/1.1" 200 532
::1 - - [13/Apr/2023:20:10:56 +0600] "GET /www/computers.php HTTP/1.1" 200 529
::1 - - [13/Apr/2023:20:12:30 +0600] "GET /www/computers.php HTTP/1.1" 200 529
::1 - - [13/Apr/2023:20:12:32 +0600] "GET /www/computers.php HTTP/1.1" 200 529
::1 - - [13/Apr/2023:20:12:33 +0600] "GET /www/computers.php HTTP/1.1" 200 529
::1 - - [13/Apr/2023:20:12:33 +0600] "GET /www/computers.php HTTP/1.1" 200 529
::1 - - [13/Apr/2023:20:12:33 +0600] "GET /www/computers.php HTTP/1.1" 200 529
::1 - - [13/Apr/2023:20:12:34 +0600] "GET /www/computers.php HTTP/1.1" 200 529
::1 - - [13/Apr/2023:20:13:42 +0600] "GET /www/computers.php HTTP/1.1" 200 141072
::1 - - [13/Apr/2023:20:13:42 +0600] "GET /www/style/style.css HTTP/1.1" 404 196
::1 - - [13/Apr/2023:20:13:48 +0600] "POST /www/maintower/action.php HTTP/1.1" 200 7191
::1 - - [13/Apr/2023:20:13:48 +0600] "GET /www/maintower/no.png HTTP/1.1" 304 -
::1 - - [13/Apr/2023:20:15:06 +0600] "POST /www/maintower/action.php HTTP/1.1" 200 6984
::1 - - [13/Apr/2023:20:23:47 +0600] "POST /www/maintower/action.php HTTP/1.1" 200 7604
::1 - - [13/Apr/2023:20:23:47 +0600] "GET /www/maintower/yes.png HTTP/1.1" 304 -
::1 - - [13/Apr/2023:20:24:28 +0600] "POST /www/maintower/action.php HTTP/1.1" 200 14611
::1 - - [13/Apr/2023:20:24:56 +0600] "POST /www/maintower/action.php HTTP/1.1" 200 7604
::1 - - [13/Apr/2023:20:27:21 +0600] "POST /www/maintower/action.php HTTP/1.1" 200 211
::1 - - [13/Apr/2023:20:27:41 +0600] "POST /www/maintower/action.php HTTP/1.1" 200 7604
::1 - - [13/Apr/2023:20:29:11 +0600] "POST /www/maintower/action.php HTTP/1.1" 200 7604
::1 - - [13/Apr/2023:20:29:15 +0600] "POST /www/maintower/action.php HTTP/1.1" 200 7604
::1 - - [13/Apr/2023:20:30:23 +0600] "POST /www/maintower/action.php HTTP/1.1" 200 7604
::1 - - [13/Apr/2023:20:31:55 +0600] "GET /www/maintower/computers.php HTTP/1.1" 200 1362
::1 - - [13/Apr/2023:20:32:11 +0600] "GET /www/maintower/computers.php HTTP/1.1" 200 141072
::1 - - [13/Apr/2023:20:32:11 +0600] "GET /www/maintower/style/style.css HTTP/1.1" 404 196
::1 - - [13/Apr/2023:20:34:35 +0600] "POST /www/maintower/action.php HTTP/1.1" 200 7607
::1 - - [13/Apr/2023:20:35:13 +0600] "POST /www/maintower/action.php HTTP/1.1" 200 7607
::1 - - [13/Apr/2023:20:35:51 +0600] "POST /www/maintower/action.php HTTP/1.1" 200 7607
::1 - - [13/Apr/2023:20:38:05 +0600] "POST /www/maintower/action.php HTTP/1.1" 200 7011
::1 - - [13/Apr/2023:20:42:32 +0600] "GET /www/maintower/main_tower.php HTTP/1.1" 200 1075
::1 - - [13/Apr/2023:20:42:54 +0600] "GET /www/maintower/main_tower.php HTTP/1.1" 200 234
::1 - - [13/Apr/2023:20:42:56 +0600] "GET /www/maintower/main_tower.php HTTP/1.1" 200 234
::1 - - [13/Apr/2023:20:44:24 +0600] "GET /www/maintower/main_tower.php HTTP/1.1" 200 303
::1 - - [13/Apr/2023:20:45:11 +0600] "GET /www/maintower/main_tower.php HTTP/1.1" 200 303
::1 - - [13/Apr/2023:20:45:48 +0600] "GET /www/maintower/main_tower.php HTTP/1.1" 200 303
::1 - - [13/Apr/2023:20:45:50 +0600] "GET /www/maintower/main_tower.php HTTP/1.1" 200 303
::1 - - [13/Apr/2023:20:45:50 +0600] "GET /www/maintower/main_tower.php HTTP/1.1" 200 303
::1 - - [13/Apr/2023:20:45:50 +0600] "GET /www/maintower/main_tower.php HTTP/1.1" 200 303
::1 - - [13/Apr/2023:20:45:50 +0600] "GET /www/maintower/main_tower.php HTTP/1.1" 200 303
::1 - - [13/Apr/2023:20:45:51 +0600] "GET /www/maintower/main_tower.php HTTP/1.1" 200 303
::1 - - [13/Apr/2023:20:45:51 +0600] "GET /www/maintower/main_tower.php HTTP/1.1" 200 303
::1 - - [13/Apr/2023:20:47:01 +0600] "GET /www/maintower/main_tower.php HTTP/1.1" 200 7134
::1 - - [13/Apr/2023:20:47:20 +0600] "GET /www/maintower/main_tower.php HTTP/1.1" 200 7188
::1 - - [13/Apr/2023:20:47:43 +0600] "POST /www/maintower/action.php HTTP/1.1" 200 7606
::1 - - [13/Apr/2023:20:48:03 +0600] "POST /www/maintower/action.php HTTP/1.1" 200 7003
::1 - - [13/Apr/2023:20:58:46 +0600] "GET /www/ HTTP/1.1" 200 448
::1 - - [13/Apr/2023:20:58:50 +0600] "GET /www/index.php HTTP/1.1" 200 787
::1 - - [13/Apr/2023:20:58:50 +0600] "GET /www/style/style.css HTTP/1.1" 404 196
::1 - - [13/Apr/2023:21:02:49 +0600] "GET /www/index.php HTTP/1.1" 200 865
::1 - - [13/Apr/2023:21:02:49 +0600] "GET /www/style/style.css HTTP/1.1" 404 196
::1 - - [13/Apr/2023:21:02:50 +0600] "GET /www/maintower/report.php?id=1 HTTP/1.1" 200 6999
::1 - - [13/Apr/2023:21:03:03 +0600] "GET /www/maintower/report.php?id=2 HTTP/1.1" 200 6999
::1 - - [13/Apr/2023:21:03:07 +0600] "GET /www/maintower/report.php?id=1 HTTP/1.1" 200 6999
::1 - - [13/Apr/2023:21:03:11 +0600] "GET /www/maintower/report.php?id=2 HTTP/1.1" 200 6999
::1 - - [13/Apr/2023:21:03:11 +0600] "GET /www/maintower/report.php?id=2 HTTP/1.1" 200 6999
::1 - - [13/Apr/2023:21:05:42 +0600] "GET /www/index.php HTTP/1.1" 200 865
::1 - - [13/Apr/2023:21:05:42 +0600] "GET /www/style/style.css HTTP/1.1" 404 196
::1 - - [13/Apr/2023:21:05:43 +0600] "GET /www/maintower/report.php?id=1 HTTP/1.1" 200 401
::1 - - [13/Apr/2023:21:05:47 +0600] "GET /www/maintower/report.php?id=2 HTTP/1.1" 200 401
::1 - - [13/Apr/2023:21:06:30 +0600] "GET /www/index.php HTTP/1.1" 200 865
::1 - - [13/Apr/2023:21:06:30 +0600] "GET /www/style/style.css HTTP/1.1" 404 196
::1 - - [13/Apr/2023:21:06:31 +0600] "GET /www/maintower/report.php?id=1 HTTP/1.1" 200 401
::1 - - [13/Apr/2023:21:07:14 +0600] "GET /www/index.php HTTP/1.1" 200 865
::1 - - [13/Apr/2023:21:07:14 +0600] "GET /www/style/style.css HTTP/1.1" 404 196
::1 - - [13/Apr/2023:21:07:15 +0600] "GET /www/maintower/report.php?id=1 HTTP/1.1" 200 401
::1 - - [13/Apr/2023:21:08:44 +0600] "GET /www/maintower/report.php?id=1 HTTP/1.1" 200 401
::1 - - [13/Apr/2023:21:08:46 +0600] "GET /www/index.php HTTP/1.1" 200 865
::1 - - [13/Apr/2023:21:08:46 +0600] "GET /www/style/style.css HTTP/1.1" 404 196
::1 - - [13/Apr/2023:21:08:47 +0600] "GET /www/maintower/report.php?id=1 HTTP/1.1" 200 401
::1 - - [13/Apr/2023:21:09:37 +0600] "GET /www/maintower/report.php?id=1 HTTP/1.1" 200 401
::1 - - [13/Apr/2023:21:09:40 +0600] "GET /www/index.php HTTP/1.1" 200 865
::1 - - [13/Apr/2023:21:09:40 +0600] "GET /www/style/style.css HTTP/1.1" 404 196
::1 - - [13/Apr/2023:21:09:41 +0600] "GET /www/maintower/report.php?id=1 HTTP/1.1" 200 401
::1 - - [13/Apr/2023:21:11:15 +0600] "GET /www/maintower/report.php?id=1 HTTP/1.1" 200 -
::1 - - [13/Apr/2023:21:11:18 +0600] "GET /www/maintower/report.php?id=1 HTTP/1.1" 200 -
::1 - - [13/Apr/2023:21:11:38 +0600] "GET /www/maintower/report.php?id=1 HTTP/1.1" 200 -
::1 - - [13/Apr/2023:21:11:40 +0600] "GET /www/maintower/report.php?id=1 HTTP/1.1" 200 -
::1 - - [13/Apr/2023:21:11:40 +0600] "GET /www/maintower/report.php?id=1 HTTP/1.1" 200 -
::1 - - [13/Apr/2023:21:11:41 +0600] "GET /www/index.php HTTP/1.1" 200 865
::1 - - [13/Apr/2023:21:11:41 +0600] "GET /www/style/style.css HTTP/1.1" 404 196
::1 - - [13/Apr/2023:21:11:42 +0600] "GET /www/maintower/report.php?id=2 HTTP/1.1" 200 -
::1 - - [13/Apr/2023:21:12:18 +0600] "GET /www/maintower/report.php?id=2 HTTP/1.1" 200 6999
::1 - - [13/Apr/2023:21:12:18 +0600] "GET /www/maintower/no.png HTTP/1.1" 304 -
::1 - - [13/Apr/2023:21:12:22 +0600] "GET /www/maintower/report.php?id=2 HTTP/1.1" 200 6999
::1 - - [13/Apr/2023:21:12:28 +0600] "GET /www/maintower/report.php?id=1 HTTP/1.1" 200 7007
::1 - - [13/Apr/2023:21:12:43 +0600] "GET /www/index.php HTTP/1.1" 200 865
::1 - - [13/Apr/2023:21:12:43 +0600] "GET /www/style/style.css HTTP/1.1" 404 196
::1 - - [13/Apr/2023:21:12:47 +0600] "GET /www/ HTTP/1.1" 200 448
::1 - - [13/Apr/2023:21:12:50 +0600] "GET /www/index.php HTTP/1.1" 200 865
::1 - - [13/Apr/2023:21:12:50 +0600] "GET /www/style/style.css HTTP/1.1" 404 196
::1 - - [13/Apr/2023:21:12:52 +0600] "GET /www/maintower/report.php?id=1 HTTP/1.1" 200 7007
::1 - - [13/Apr/2023:21:13:05 +0600] "GET /www/maintower/main_tower.php HTTP/1.1" 200 7188
::1 - - [13/Apr/2023:21:17:48 +0600] "POST /www/maintower/action.php HTTP/1.1" 200 7022
::1 - - [13/Apr/2023:21:17:48 +0600] "GET /www/maintower/yes.png HTTP/1.1" 304 -
::1 - - [13/Apr/2023:21:18:03 +0600] "GET /www/ HTTP/1.1" 200 448
::1 - - [13/Apr/2023:21:18:05 +0600] "GET /www/index.php HTTP/1.1" 200 976
::1 - - [13/Apr/2023:21:18:05 +0600] "GET /www/style/style.css HTTP/1.1" 404 196
::1 - - [13/Apr/2023:21:18:07 +0600] "GET /www/maintower/report.php?id=1 HTTP/1.1" 200 7007
::1 - - [13/Apr/2023:21:18:13 +0600] "GET /www/maintower/report.php?id=3 HTTP/1.1" 200 7018
::1 - - [13/Apr/2023:21:22:45 +0600] "POST /www/maintower/action.php HTTP/1.1" 200 7043
::1 - - [13/Apr/2023:21:23:38 +0600] "GET /www/maintower/main_tower.php HTTP/1.1" 200 7246
::1 - - [13/Apr/2023:21:23:47 +0600] "GET /www/maintower/main_tower.php HTTP/1.1" 200 7246
::1 - - [13/Apr/2023:21:23:57 +0600] "GET /www/maintower/main_tower.php HTTP/1.1" 200 7244
::1 - - [13/Apr/2023:21:24:15 +0600] "POST /www/maintower/action.php HTTP/1.1" 200 7036
::1 - - [13/Apr/2023:21:25:00 +0600] "GET /www/ HTTP/1.1" 200 448
::1 - - [13/Apr/2023:21:25:02 +0600] "GET /www/index.php HTTP/1.1" 200 1198
::1 - - [13/Apr/2023:21:25:02 +0600] "GET /www/style/style.css HTTP/1.1" 404 196
::1 - - [13/Apr/2023:21:25:05 +0600] "GET /www/maintower/report.php?id=5 HTTP/1.1" 200 7032
::1 - - [13/Apr/2023:21:25:09 +0600] "GET /www/maintower/report.php?id=4 HTTP/1.1" 200 7039
::1 - - [13/Apr/2023:21:26:00 +0600] "-" 408 -
::1 - - [13/Apr/2023:21:27:40 +0600] "GET /www/ HTTP/1.1" 200 448
::1 - - [13/Apr/2023:21:27:43 +0600] "GET /www/maintower/main_tower.php HTTP/1.1" 200 7244
::1 - - [13/Apr/2023:21:28:11 +0600] "POST /www/maintower/action.php HTTP/1.1" 200 7038
::1 - - [13/Apr/2023:21:28:12 +0600] "GET /www/index.php HTTP/1.1" 200 1309
::1 - - [13/Apr/2023:21:28:12 +0600] "GET /www/style/style.css HTTP/1.1" 404 196
::1 - - [13/Apr/2023:21:28:27 +0600] "GET /www/maintower/report.php?id=6 HTTP/1.1" 200 7034
::1 - - [13/Apr/2023:21:29:27 +0600] "-" 408 -
::1 - - [13/Apr/2023:21:29:34 +0600] "-" 408 -
::1 - - [13/Apr/2023:22:37:02 +0600] "GET /www/maintower/main_tower.php HTTP/1.1" 200 7309
::1 - - [13/Apr/2023:22:37:02 +0600] "GET /www/maintower/validator.js HTTP/1.1" 200 241
::1 - - [13/Apr/2023:22:37:05 +0600] "POST /www/maintower/action.php HTTP/1.1" 200 7627
::1 - - [13/Apr/2023:22:37:05 +0600] "GET /www/maintower/no.png HTTP/1.1" 304 -
::1 - - [13/Apr/2023:22:37:21 +0600] "POST /www/maintower/action.php HTTP/1.1" 200 7627
::1 - - [13/Apr/2023:22:38:10 +0600] "POST /www/maintower/action.php HTTP/1.1" 200 7627
::1 - - [13/Apr/2023:22:39:06 +0600] "-" 408 -
::1 - - [13/Apr/2023:22:39:55 +0600] "GET /www/maintower/main_tower.php HTTP/1.1" 200 7587
::1 - - [13/Apr/2023:22:39:55 +0600] "GET /www/maintower/validator.js HTTP/1.1" 304 -
::1 - - [13/Apr/2023:22:39:56 +0600] "POST /www/maintower/action.php HTTP/1.1" 200 7627
::1 - - [13/Apr/2023:22:40:11 +0600] "POST /www/maintower/action.php HTTP/1.1" 200 7034
::1 - - [13/Apr/2023:22:40:12 +0600] "GET /www/index.php HTTP/1.1" 200 1440
::1 - - [13/Apr/2023:22:40:12 +0600] "GET /www/style/style.css HTTP/1.1" 404 196
::1 - - [13/Apr/2023:22:41:03 +0600] "GET /www/maintower/main_tower.php HTTP/1.1" 200 7568
::1 - - [13/Apr/2023:22:41:05 +0600] "POST /www/maintower/action.php HTTP/1.1" 200 7627
::1 - - [13/Apr/2023:22:45:09 +0600] "GET /www/maintower/main_tower.php HTTP/1.1" 200 7269
::1 - - [13/Apr/2023:22:45:10 +0600] "GET /www/maintower/main_tower.php HTTP/1.1" 200 7269
::1 - - [13/Apr/2023:22:45:11 +0600] "GET /www/maintower/main_tower.php HTTP/1.1" 200 7269
::1 - - [13/Apr/2023:22:45:11 +0600] "GET /www/maintower/main_tower.php HTTP/1.1" 200 7269
::1 - - [13/Apr/2023:22:45:40 +0600] "GET /www/maintower/main_tower.php HTTP/1.1" 200 7269
::1 - - [13/Apr/2023:22:45:40 +0600] "GET /www/maintower/main_tower.php HTTP/1.1" 200 7269
::1 - - [13/Apr/2023:22:45:41 +0600] "GET /www/maintower/main_tower.php HTTP/1.1" 200 7269
::1 - - [13/Apr/2023:22:45:41 +0600] "GET /www/maintower/main_tower.php HTTP/1.1" 200 7269
::1 - - [13/Apr/2023:22:45:41 +0600] "GET /www/maintower/main_tower.php HTTP/1.1" 200 7269
::1 - - [13/Apr/2023:22:45:41 +0600] "GET /www/maintower/main_tower.php HTTP/1.1" 200 7269
::1 - - [13/Apr/2023:22:45:41 +0600] "GET /www/maintower/main_tower.php HTTP/1.1" 200 7269
::1 - - [13/Apr/2023:22:46:01 +0600] "GET /www/maintower/main_tower.php HTTP/1.1" 200 7267
::1 - - [13/Apr/2023:22:46:49 +0600] "GET /www/maintower/main_tower.php HTTP/1.1" 200 7269
::1 - - [13/Apr/2023:22:46:50 +0600] "GET /www/maintower/main_tower.php HTTP/1.1" 200 7269
::1 - - [13/Apr/2023:22:46:50 +0600] "GET /www/maintower/main_tower.php HTTP/1.1" 200 7269
::1 - - [13/Apr/2023:22:46:53 +0600] "GET /www/maintower/main_tower.php HTTP/1.1" 200 7269
::1 - - [13/Apr/2023:22:46:53 +0600] "GET /www/maintower/main_tower.php HTTP/1.1" 200 7269
::1 - - [13/Apr/2023:22:47:03 +0600] "GET /www/maintower/main_tower.php HTTP/1.1" 200 7269
::1 - - [13/Apr/2023:22:47:11 +0600] "GET /www/maintower/main_tower.php HTTP/1.1" 200 7269
::1 - - [13/Apr/2023:22:47:22 +0600] "POST /www/maintower/action.php HTTP/1.1" 200 7627
::1 - - [13/Apr/2023:22:47:49 +0600] "GET /www/maintower/main_tower.php HTTP/1.1" 200 7269
::1 - - [13/Apr/2023:22:48:49 +0600] "-" 408 -
::1 - - [13/Apr/2023:22:48:55 +0600] "GET /www/maintower/main_tower.php HTTP/1.1" 200 7259
::1 - - [13/Apr/2023:22:49:55 +0600] "-" 408 -
::1 - - [13/Apr/2023:22:54:45 +0600] "GET /www/index.php HTTP/1.1" 200 1440
::1 - - [13/Apr/2023:22:54:45 +0600] "GET /www/style/style.css HTTP/1.1" 404 196
::1 - - [13/Apr/2023:22:55:02 +0600] "GET /www/maintower/main_tower.php HTTP/1.1" 200 7527
::1 - - [13/Apr/2023:22:56:02 +0600] "-" 408 -
::1 - - [13/Apr/2023:22:56:28 +0600] "GET /www/maintower/main_tower.php HTTP/1.1" 200 7599
::1 - - [13/Apr/2023:22:57:28 +0600] "-" 408 -
::1 - - [13/Apr/2023:23:03:16 +0600] "GET /www/maintower/main_tower.php HTTP/1.1" 200 8047
::1 - - [13/Apr/2023:23:03:17 +0600] "GET /www/maintower/main_tower.php HTTP/1.1" 200 8047
::1 - - [13/Apr/2023:23:03:18 +0600] "GET /www/maintower/main_tower.php HTTP/1.1" 200 8047
::1 - - [13/Apr/2023:23:03:18 +0600] "GET /www/maintower/main_tower.php HTTP/1.1" 200 8047
::1 - - [13/Apr/2023:23:03:20 +0600] "GET /www/maintower/main_tower.php HTTP/1.1" 200 8047
::1 - - [13/Apr/2023:23:03:20 +0600] "GET /www/maintower/main_tower.php HTTP/1.1" 200 8047
::1 - - [13/Apr/2023:23:03:21 +0600] "GET /www/maintower/main_tower.php HTTP/1.1" 200 8047
::1 - - [13/Apr/2023:23:03:22 +0600] "GET /www/maintower/main_tower.php HTTP/1.1" 200 8047
::1 - - [13/Apr/2023:23:03:23 +0600] "GET /www/maintower/main_tower.php HTTP/1.1" 200 8047
::1 - - [13/Apr/2023:23:03:23 +0600] "GET /www/maintower/main_tower.php HTTP/1.1" 200 8047
::1 - - [13/Apr/2023:23:03:24 +0600] "GET /www/maintower/main_tower.php HTTP/1.1" 200 8047
::1 - - [13/Apr/2023:23:03:24 +0600] "GET /www/maintower/main_tower.php HTTP/1.1" 200 8047
::1 - - [13/Apr/2023:23:03:25 +0600] "GET /www/maintower/main_tower.php HTTP/1.1" 200 8047
::1 - - [13/Apr/2023:23:03:26 +0600] "GET /www/maintower/main_tower.php HTTP/1.1" 200 8047
::1 - - [13/Apr/2023:23:03:26 +0600] "GET /www/maintower/main_tower.php HTTP/1.1" 200 8047
::1 - - [13/Apr/2023:23:03:27 +0600] "GET /www/maintower/main_tower.php HTTP/1.1" 200 8047
::1 - - [13/Apr/2023:23:03:30 +0600] "GET /www/maintower/main_tower.php HTTP/1.1" 200 8047
::1 - - [13/Apr/2023:23:03:30 +0600] "GET /www/maintower/main_tower.php HTTP/1.1" 200 8047
::1 - - [13/Apr/2023:23:03:31 +0600] "GET /www/maintower/main_tower.php HTTP/1.1" 200 8047
::1 - - [13/Apr/2023:23:03:32 +0600] "GET /www/maintower/main_tower.php HTTP/1.1" 200 8047
::1 - - [13/Apr/2023:23:03:33 +0600] "GET /www/maintower/main_tower.php HTTP/1.1" 200 8047
::1 - - [13/Apr/2023:23:03:35 +0600] "GET /www/maintower/main_tower.php HTTP/1.1" 200 8047
::1 - - [13/Apr/2023:23:03:36 +0600] "GET /www/maintower/main_tower.php HTTP/1.1" 200 8047
::1 - - [13/Apr/2023:23:03:37 +0600] "GET /www/maintower/main_tower.php HTTP/1.1" 200 8047
::1 - - [13/Apr/2023:23:03:37 +0600] "GET /www/maintower/main_tower.php HTTP/1.1" 200 8047
::1 - - [13/Apr/2023:23:03:38 +0600] "GET /www/maintower/main_tower.php HTTP/1.1" 200 8047
::1 - - [13/Apr/2023:23:03:39 +0600] "GET /www/maintower/main_tower.php HTTP/1.1" 200 8047
::1 - - [13/Apr/2023:23:03:39 +0600] "GET /www/maintower/main_tower.php HTTP/1.1" 200 8047
::1 - - [13/Apr/2023:23:03:40 +0600] "GET /www/maintower/main_tower.php HTTP/1.1" 200 8047
::1 - - [13/Apr/2023:23:03:41 +0600] "GET /www/maintower/main_tower.php HTTP/1.1" 200 8047
::1 - - [13/Apr/2023:23:03:59 +0600] "GET /www/index.php HTTP/1.1" 200 1440
::1 - - [13/Apr/2023:23:03:59 +0600] "GET /www/style/style.css HTTP/1.1" 404 196
::1 - - [13/Apr/2023:23:04:02 +0600] "GET /www/maintower/report.php?id=1 HTTP/1.1" 200 7007
::1 - - [13/Apr/2023:23:04:02 +0600] "GET /www/maintower/yes.png HTTP/1.1" 304 -
::1 - - [13/Apr/2023:23:04:03 +0600] "GET /www/maintower/report.php?id=7 HTTP/1.1" 200 7020
::1 - - [13/Apr/2023:23:07:35 +0600] "GET /www/maintower/report.php?id=1 HTTP/1.1" 200 233
::1 - - [13/Apr/2023:23:12:27 +0600] "GET /www/maintower/report.php?id=1 HTTP/1.1" 200 667
::1 - - [13/Apr/2023:23:12:50 +0600] "GET /www/maintower/report.php?id=1 HTTP/1.1" 200 233
::1 - - [13/Apr/2023:23:14:21 +0600] "GET /www/maintower/report.php?id=1 HTTP/1.1" 200 232
::1 - - [13/Apr/2023:23:14:26 +0600] "GET /www/maintower/report.php?id=1 HTTP/1.1" 200 232
::1 - - [13/Apr/2023:23:14:26 +0600] "GET /www/maintower/report.php?id=1 HTTP/1.1" 200 232
::1 - - [13/Apr/2023:23:14:26 +0600] "GET /www/maintower/report.php?id=1 HTTP/1.1" 200 232
::1 - - [13/Apr/2023:23:14:27 +0600] "GET /www/maintower/report.php?id=1 HTTP/1.1" 200 232
::1 - - [13/Apr/2023:23:14:31 +0600] "GET /www/maintower/report.php?id=29 HTTP/1.1" 200 232
::1 - - [13/Apr/2023:23:16:20 +0600] "GET /www/maintower/report.php?id=29 HTTP/1.1" 200 233
::1 - - [13/Apr/2023:23:16:21 +0600] "GET /www/maintower/report.php?id=29 HTTP/1.1" 200 233
::1 - - [13/Apr/2023:23:16:21 +0600] "GET /www/maintower/report.php?id=29 HTTP/1.1" 200 233
::1 - - [13/Apr/2023:23:16:21 +0600] "GET /www/maintower/report.php?id=29 HTTP/1.1" 200 233
::1 - - [13/Apr/2023:23:16:32 +0600] "GET /www/maintower/report.php?id=29 HTTP/1.1" 200 -
::1 - - [13/Apr/2023:23:16:33 +0600] "GET /www/maintower/report.php?id=29 HTTP/1.1" 200 -
::1 - - [13/Apr/2023:23:16:33 +0600] "GET /www/maintower/report.php?id=29 HTTP/1.1" 200 -
::1 - - [13/Apr/2023:23:16:33 +0600] "GET /www/maintower/report.php?id=29 HTTP/1.1" 200 -
::1 - - [13/Apr/2023:23:16:33 +0600] "GET /www/maintower/report.php?id=29 HTTP/1.1" 200 -
::1 - - [13/Apr/2023:23:16:34 +0600] "GET /www/maintower/report.php?id=29 HTTP/1.1" 200 -
::1 - - [13/Apr/2023:23:16:34 +0600] "GET /www/maintower/report.php?id=29 HTTP/1.1" 200 -
::1 - - [13/Apr/2023:23:16:34 +0600] "GET /www/maintower/report.php?id=29 HTTP/1.1" 200 -
::1 - - [13/Apr/2023:23:16:34 +0600] "GET /www/maintower/report.php?id=29 HTTP/1.1" 200 -
::1 - - [13/Apr/2023:23:17:33 +0600] "GET /www/maintower/report.php?id=29 HTTP/1.1" 200 47
::1 - - [13/Apr/2023:23:17:50 +0600] "GET /www/maintower/report.php?id=29 HTTP/1.1" 200 49
::1 - - [13/Apr/2023:23:18:03 +0600] "GET /www/maintower/main_tower.php HTTP/1.1" 200 8047
::1 - - [13/Apr/2023:23:18:34 +0600] "POST /www/maintower/action.php HTTP/1.1" 200 7051
::1 - - [13/Apr/2023:23:18:35 +0600] "GET /www/maintower/yes.png HTTP/1.1" 304 -
::1 - - [13/Apr/2023:23:18:35 +0600] "GET /www/maintower/no.png HTTP/1.1" 304 -
::1 - - [13/Apr/2023:23:18:36 +0600] "GET /www/index.php HTTP/1.1" 200 774
::1 - - [13/Apr/2023:23:18:36 +0600] "GET /www/style/style.css HTTP/1.1" 404 196
::1 - - [13/Apr/2023:23:18:37 +0600] "GET /www/maintower/report.php?id=8 HTTP/1.1" 200 7037
::1 - - [13/Apr/2023:23:19:34 +0600] "GET /www/maintower/report.php?id=1 HTTP/1.1" 200 49
::1 - - [13/Apr/2023:23:21:54 +0600] "GET /www/maintower/main_tower.php HTTP/1.1" 200 8047
::1 - - [13/Apr/2023:23:22:01 +0600] "GET /www/index.php HTTP/1.1" 200 774
::1 - - [13/Apr/2023:23:22:01 +0600] "GET /www/style/style.css HTTP/1.1" 404 196
::1 - - [14/Apr/2023:06:56:44 +0600] "GET /www/index.php HTTP/1.1" 200 774
::1 - - [14/Apr/2023:06:56:44 +0600] "GET /www/style/style.css HTTP/1.1" 404 196
::1 - - [14/Apr/2023:06:56:44 +0600] "GET /www/index.php HTTP/1.1" 200 774
::1 - - [14/Apr/2023:06:56:44 +0600] "GET /www/style/style.css HTTP/1.1" 404 196
::1 - - [14/Apr/2023:06:56:45 +0600] "GET /www/index.php HTTP/1.1" 200 774
::1 - - [14/Apr/2023:06:56:45 +0600] "GET /www/style/style.css HTTP/1.1" 404 196
10.34.64.157 - - [14/Apr/2023:06:59:35 +0600] "GET /www/maintower/main_tower.php HTTP/1.1" 200 8047
10.34.64.157 - - [14/Apr/2023:06:59:35 +0600] "GET /www/maintower/style.css HTTP/1.1" 200 31
10.34.64.157 - - [14/Apr/2023:06:59:36 +0600] "GET /favicon.ico HTTP/1.1" 404 196
10.34.64.157 - - [14/Apr/2023:07:00:35 +0600] "-" 408 -
10.34.64.157 - - [14/Apr/2023:07:01:57 +0600] "POST /www/maintower/action.php HTTP/1.1" 200 7050
10.34.64.157 - - [14/Apr/2023:07:01:57 +0600] "GET /www/maintower/yes.png HTTP/1.1" 200 78561
10.34.64.157 - - [14/Apr/2023:07:01:57 +0600] "GET /www/maintower/no.png HTTP/1.1" 200 134339
10.34.64.157 - - [14/Apr/2023:07:01:58 +0600] "GET /www/index.php HTTP/1.1" 200 885
10.34.64.157 - - [14/Apr/2023:07:01:58 +0600] "GET /www/style/style.css HTTP/1.1" 404 196
10.34.64.157 - - [14/Apr/2023:07:02:05 +0600] "GET /www/maintower/report.php?id=9 HTTP/1.1" 200 7036
10.34.64.157 - - [14/Apr/2023:07:03:05 +0600] "-" 408 -
10.34.64.157 - - [14/Apr/2023:07:03:33 +0600] "GET /www/maintower/report.php?id=9 HTTP/1.1" 200 7036
10.34.64.157 - - [14/Apr/2023:07:04:08 +0600] "-" 408 -
10.34.64.157 - - [14/Apr/2023:07:04:37 +0600] "GET /www/maintower/report.php?id=9 HTTP/1.1" 200 7036
10.34.64.157 - - [14/Apr/2023:07:04:42 +0600] "GET /www/maintower/report.php?id=9 HTTP/1.1" 200 7036
10.34.64.157 - - [14/Apr/2023:07:04:48 +0600] "GET /www/maintower/main_tower.php HTTP/1.1" 200 8047
10.34.64.157 - - [14/Apr/2023:07:04:57 +0600] "GET /www/maintower/main_tower.php HTTP/1.1" 200 8047
10.34.64.157 - - [14/Apr/2023:07:05:21 +0600] "GET /www/maintower/main_tower.php HTTP/1.1" 200 8047
10.34.64.157 - - [14/Apr/2023:07:06:16 +0600] "POST /www/maintower/action.php HTTP/1.1" 200 7087
10.34.64.157 - - [14/Apr/2023:07:06:17 +0600] "GET /www/index.php HTTP/1.1" 200 997
10.34.64.157 - - [14/Apr/2023:07:06:17 +0600] "GET /www/style/style.css HTTP/1.1" 404 196
10.34.64.157 - - [14/Apr/2023:07:06:22 +0600] "GET /www/maintower/report.php?id=9 HTTP/1.1" 200 7036
10.34.64.157 - - [14/Apr/2023:07:06:29 +0600] "GET /www/maintower/report.php?id=8 HTTP/1.1" 200 7037
10.34.64.157 - - [14/Apr/2023:07:06:36 +0600] "GET /www/maintower/report.php?id=10 HTTP/1.1" 200 7073
10.34.64.157 - - [14/Apr/2023:07:06:58 +0600] "GET /www/maintower/report.php?id=8 HTTP/1.1" 200 7037
10.34.64.157 - - [14/Apr/2023:07:07:54 +0600] "-" 408 -
10.34.64.157 - - [14/Apr/2023:07:07:59 +0600] "GET /www/maintower/report.php?id=8 HTTP/1.1" 200 7037
10.34.64.157 - - [14/Apr/2023:07:08:59 +0600] "-" 408 -
10.34.64.55 - - [14/Apr/2023:07:10:16 +0600] "GET /www/maintower/main_tower.php HTTP/1.1" 200 8047
10.34.64.55 - - [14/Apr/2023:07:10:16 +0600] "GET /www/maintower/style.css HTTP/1.1" 304 -
10.34.64.55 - - [14/Apr/2023:07:10:37 +0600] "POST /www/maintower/action.php HTTP/1.1" 200 7064
10.34.64.55 - - [14/Apr/2023:07:10:37 +0600] "GET /www/maintower/no.png HTTP/1.1" 304 -
10.34.64.55 - - [14/Apr/2023:07:10:37 +0600] "GET /www/maintower/yes.png HTTP/1.1" 304 -
10.34.64.55 - - [14/Apr/2023:07:10:38 +0600] "GET /www/index.php HTTP/1.1" 200 1109
10.34.64.55 - - [14/Apr/2023:07:10:38 +0600] "GET /www/style/style.css HTTP/1.1" 404 196
10.34.64.55 - - [14/Apr/2023:07:10:44 +0600] "GET /www/maintower/report.php?id=9 HTTP/1.1" 200 7036
10.34.64.55 - - [14/Apr/2023:07:10:52 +0600] "GET /www/maintower/report.php?id=10 HTTP/1.1" 200 7073
10.34.64.55 - - [14/Apr/2023:07:10:56 +0600] "GET /www/maintower/report.php?id=11 HTTP/1.1" 200 7050
10.34.64.55 - - [14/Apr/2023:07:11:51 +0600] "-" 408 -
::1 - - [14/Apr/2023:07:14:21 +0600] "GET /www/index.php HTTP/1.1" 200 1109
::1 - - [14/Apr/2023:07:14:21 +0600] "GET /www/style/style.css HTTP/1.1" 404 196
::1 - - [14/Apr/2023:07:14:52 +0600] "GET /www/index.php HTTP/1.1" 200 1109
::1 - - [14/Apr/2023:07:14:52 +0600] "GET /www/style/style.css HTTP/1.1" 404 196
::1 - - [14/Apr/2023:07:14:52 +0600] "GET /www/index.php HTTP/1.1" 200 1109
::1 - - [14/Apr/2023:07:14:53 +0600] "GET /www/style/style.css HTTP/1.1" 404 196
::1 - - [14/Apr/2023:07:14:53 +0600] "GET /www/index.php HTTP/1.1" 200 1109
::1 - - [14/Apr/2023:07:14:53 +0600] "GET /www/style/style.css HTTP/1.1" 404 196
::1 - - [14/Apr/2023:07:14:59 +0600] "GET /www/maintower/report.php?id=11 HTTP/1.1" 200 7050
::1 - - [14/Apr/2023:07:14:59 +0600] "GET /www/maintower/no.png HTTP/1.1" 304 -
::1 - - [14/Apr/2023:07:14:59 +0600] "GET /www/maintower/style.css HTTP/1.1" 304 -
::1 - - [14/Apr/2023:07:14:59 +0600] "GET /www/maintower/yes.png HTTP/1.1" 304 -
::1 - - [14/Apr/2023:07:15:08 +0600] "GET /www/index.php HTTP/1.1" 200 1109
::1 - - [14/Apr/2023:07:15:08 +0600] "GET /www/style/style.css HTTP/1.1" 404 196
::1 - - [14/Apr/2023:07:15:08 +0600] "GET /www/index.php HTTP/1.1" 200 1109
::1 - - [14/Apr/2023:07:15:08 +0600] "GET /www/style/style.css HTTP/1.1" 404 196
::1 - - [14/Apr/2023:07:15:08 +0600] "GET /www/index.php HTTP/1.1" 200 1109
::1 - - [14/Apr/2023:07:15:08 +0600] "GET /www/style/style.css HTTP/1.1" 404 196
::1 - - [14/Apr/2023:07:15:08 +0600] "GET /www/index.php HTTP/1.1" 200 1109
::1 - - [14/Apr/2023:07:15:08 +0600] "GET /www/style/style.css HTTP/1.1" 404 196
::1 - - [14/Apr/2023:07:15:09 +0600] "GET /www/index.php HTTP/1.1" 200 1109
::1 - - [14/Apr/2023:07:15:09 +0600] "GET /www/style/style.css HTTP/1.1" 404 196
::1 - - [14/Apr/2023:07:15:10 +0600] "GET /www/index.php HTTP/1.1" 200 1109
::1 - - [14/Apr/2023:07:15:10 +0600] "GET /www/style/style.css HTTP/1.1" 404 196
